-------------------------------------------------------------------------------
Test set: mx.unam.ciencias.icc.red.test.TestConexionClienteEstudiante
-------------------------------------------------------------------------------
Tests run: 20, Failures: 0, Errors: 1, Skipped: 0, Time elapsed: 1.381 sec <<< FAILURE!
testRecibeRegistroEliminado(mx.unam.ciencias.icc.red.test.TestConexionClienteEstudiante)  Time elapsed: 0.042 sec  <<< ERROR!
java.lang.NullPointerException
	at mx.unam.ciencias.icc.red.test.TestConexionClienteEstudiante.testRecibeRegistroEliminado(TestConexionClienteEstudiante.java:379)
	at sun.reflect.NativeMethodAccessorImpl.invoke0(Native Method)
	at sun.reflect.NativeMethodAccessorImpl.invoke(NativeMethodAccessorImpl.java:62)
	at sun.reflect.DelegatingMethodAccessorImpl.invoke(DelegatingMethodAccessorImpl.java:43)
	at java.lang.reflect.Method.invoke(Method.java:498)
	at org.junit.runners.model.FrameworkMethod$1.runReflectiveCall(FrameworkMethod.java:50)
	at org.junit.internal.runners.model.ReflectiveCallable.run(ReflectiveCallable.java:12)
	at org.junit.runners.model.FrameworkMethod.invokeExplosively(FrameworkMethod.java:47)
	at org.junit.internal.runners.statements.InvokeMethod.evaluate(InvokeMethod.java:17)
	at org.junit.internal.runners.statements.FailOnTimeout$CallableStatement.call(FailOnTimeout.java:298)
	at org.junit.internal.runners.statements.FailOnTimeout$CallableStatement.call(FailOnTimeout.java:292)
	at java.util.concurrent.FutureTask.run(FutureTask.java:266)
	at java.lang.Thread.run(Thread.java:748)

