<?xml version="1.0" encoding="UTF-8" ?>
<testsuite tests="29" failures="0" name="mx.unam.ciencias.icc.test.TestLista" time="0.203" errors="0" skipped="0">
  <properties>
[...]
</properties>
  <testcase classname="mx.unam.ciencias.icc.test.TestLista" name="testAgregaFinal" time="0.016"/>
  <testcase classname="mx.unam.ciencias.icc.test.TestLista" name="testElimina" time="0.009"/>
  <testcase classname="mx.unam.ciencias.icc.test.TestLista" name="testMergeSort" time="0.013"/>
  <testcase classname="mx.unam.ciencias.icc.test.TestLista" name="testEsVacia" time="0.002"/>
  <testcase classname="mx.unam.ciencias.icc.test.TestLista" name="testEliminaPrimero" time="0.007"/>
  <testcase classname="mx.unam.ciencias.icc.test.TestLista" name="testIteradorHasNext" time="0.001"/>
  <testcase classname="mx.unam.ciencias.icc.test.TestLista" name="testBusquedaLineal" time="0.006"/>
  <testcase classname="mx.unam.ciencias.icc.test.TestLista" name="testGet" time="0.004"/>
  <testcase classname="mx.unam.ciencias.icc.test.TestLista" name="testAgregaInicio" time="0.003"/>
  <testcase classname="mx.unam.ciencias.icc.test.TestLista" name="testCopia" time="0.002"/>
  <testcase classname="mx.unam.ciencias.icc.test.TestLista" name="testToString" time="0.004"/>
  <testcase classname="mx.unam.ciencias.icc.test.TestLista" name="testIteradorStart" time="0.002"/>
  <testcase classname="mx.unam.ciencias.icc.test.TestLista" name="testGetLongitud" time="0.007"/>
  <testcase classname="mx.unam.ciencias.icc.test.TestLista" name="testEliminaUltimo" time="0.015"/>
  <testcase classname="mx.unam.ciencias.icc.test.TestLista" name="testGetPrimero" time="0.007"/>
  <testcase classname="mx.unam.ciencias.icc.test.TestLista" name="testContiene" time="0.001"/>
  <testcase classname="mx.unam.ciencias.icc.test.TestLista" name="testIteradorNext" time="0.005"/>
  <testcase classname="mx.unam.ciencias.icc.test.TestLista" name="testIteradorPrevious" time="0.002"/>
  <testcase classname="mx.unam.ciencias.icc.test.TestLista" name="testIteradorEnd" time="0.008"/>
  <testcase classname="mx.unam.ciencias.icc.test.TestLista" name="testBusquedaLinealLista" time="0.006"/>
  <testcase classname="mx.unam.ciencias.icc.test.TestLista" name="testMergeSortLista" time="0.011"/>
  <testcase classname="mx.unam.ciencias.icc.test.TestLista" name="testReversa" time="0.01"/>
  <testcase classname="mx.unam.ciencias.icc.test.TestLista" name="testIteradorHasPrevious" time="0.002"/>
  <testcase classname="mx.unam.ciencias.icc.test.TestLista" name="testIndiceDe" time="0.005"/>
  <testcase classname="mx.unam.ciencias.icc.test.TestLista" name="testEquals" time="0.009"/>
  <testcase classname="mx.unam.ciencias.icc.test.TestLista" name="testLimpia" time="0.007"/>
  <testcase classname="mx.unam.ciencias.icc.test.TestLista" name="testGetUltimo" time="0.004"/>
  <testcase classname="mx.unam.ciencias.icc.test.TestLista" name="testInserta" time="0.025"/>
  <testcase classname="mx.unam.ciencias.icc.test.TestLista" name="testConstructor" time="0.01"/>
</testsuite>